<?xml version="1.0" encoding="UTF-8"?>
<!-- Generated by org.testng.reporters.JUnitXMLReporter -->
<testsuite ignored="2" hostname="LAPTOP-54CIPACA" failures="0" tests="3" name="Test" time="31.198" errors="0" timestamp="22 Apr 2023 06:42:54 GMT">
  <testcase classname="testcases.BaeClass" name="@BeforeMethod SetUp" time="0.02">
    <failure type="java.lang.NullPointerException" message="Cannot invoke &amp;quot;com.relevantcodes.extentreports.ExtentReports.startTest(String)&amp;quot; because &amp;quot;this.report&amp;quot; is null">
      <![CDATA[java.lang.NullPointerException: Cannot invoke "com.relevantcodes.extentreports.ExtentReports.startTest(String)" because "this.report" is null
at testcases.BaeClass.SetUp(BaeClass.java:35)
... Removed 28 stack frames]]>
    </failure>
  </testcase> <!-- @BeforeMethod SetUp -->
  <testcase classname="testcases.BaeClass" name="@AfterMethod TearDown" time="0.0">
    <skipped/>
  </testcase> <!-- @AfterMethod TearDown -->
  <testcase classname="testcases.LoginTest" name="test1" time="11.172"/>
  <testcase classname="testcases.LoginTest" name="test2" time="10.4"/>
  <testcase classname="testcases.Homepage" name="test3" time="0.0">
    <skipped/>
  </testcase> <!-- test3 -->
  <testcase classname="testcases.BaeClass" name="@BeforeTest ReportSetup" time="0.0">
    <ignored/>
  </testcase> <!-- @BeforeTest ReportSetup -->
  <testcase classname="testcases.BaeClass" name="@AfterTest ReportClean" time="0.0">
    <ignored/>
  </testcase> <!-- @AfterTest ReportClean -->
</testsuite> <!-- Test -->
