<?xml version="1.0" encoding="UTF-8"?>
<testng-results ignored="0" total="1" passed="1" failed="0" skipped="0">
  <reporter-output>
  </reporter-output>
  <suite started-at="2023-05-14T04:13:27Z" name="Suite" finished-at="2023-05-14T04:13:58Z" duration-ms="30181">
    <groups>
    </groups>
    <test started-at="2023-05-14T04:13:27Z" name="Test" finished-at="2023-05-14T04:13:58Z" duration-ms="30181">
      <class name="testcases.LoginTest">
        <test-method is-config="true" signature="ReportSetup()[pri:0, instance:testcases.LoginTest@6340e5f0]" started-at="2023-05-14T04:13:27Z" name="ReportSetup" finished-at="2023-05-14T04:13:28Z" duration-ms="880" status="PASS">
          <reporter-output>
          </reporter-output>
        </test-method> <!-- ReportSetup -->
        <test-method is-config="true" signature="SetUp(java.lang.reflect.Method)[pri:0, instance:testcases.LoginTest@6340e5f0]" started-at="2023-05-14T04:13:28Z" name="SetUp" finished-at="2023-05-14T04:13:34Z" duration-ms="5307" status="PASS">
          <params>
            <param index="0">
              <value>
                <![CDATA[public void testcases.LoginTest.test1() throws java.lang.InterruptedException]]>
              </value>
            </param>
          </params>
          <reporter-output>
          </reporter-output>
        </test-method> <!-- SetUp -->
        <test-method signature="test1()[pri:0, instance:testcases.LoginTest@6340e5f0]" started-at="2023-05-14T04:13:34Z" name="test1" finished-at="2023-05-14T04:13:56Z" duration-ms="22804" status="PASS">
          <reporter-output>
          </reporter-output>
        </test-method> <!-- test1 -->
        <test-method is-config="true" signature="TearDown()[pri:0, instance:testcases.LoginTest@6340e5f0]" started-at="2023-05-14T04:13:56Z" name="TearDown" finished-at="2023-05-14T04:13:57Z" duration-ms="767" status="PASS">
          <reporter-output>
          </reporter-output>
        </test-method> <!-- TearDown -->
        <test-method is-config="true" signature="ReportClean()[pri:0, instance:testcases.LoginTest@6340e5f0]" started-at="2023-05-14T04:13:57Z" name="ReportClean" finished-at="2023-05-14T04:13:58Z" duration-ms="406" status="PASS">
          <reporter-output>
          </reporter-output>
        </test-method> <!-- ReportClean -->
      </class> <!-- testcases.LoginTest -->
    </test> <!-- Test -->
  </suite> <!-- Suite -->
</testng-results>
