<?xml version="1.0" encoding="UTF-8"?>
<testng-results ignored="0" total="1" passed="1" failed="0" skipped="0">
  <reporter-output>
  </reporter-output>
  <suite started-at="2023-04-23T06:04:47Z" name="Default suite" finished-at="2023-04-23T06:05:18Z" duration-ms="30978">
    <groups>
    </groups>
    <test started-at="2023-04-23T06:04:47Z" name="Default test" finished-at="2023-04-23T06:05:18Z" duration-ms="30978">
      <class name="testcases.LoginTest">
        <test-method is-config="true" signature="ReportSetup()[pri:0, instance:testcases.LoginTest@3af0a9da]" started-at="2023-04-23T06:04:47Z" name="ReportSetup" finished-at="2023-04-23T06:04:48Z" duration-ms="768" status="PASS">
          <reporter-output>
          </reporter-output>
        </test-method> <!-- ReportSetup -->
        <test-method is-config="true" signature="SetUp(java.lang.reflect.Method)[pri:0, instance:testcases.LoginTest@3af0a9da]" started-at="2023-04-23T06:04:48Z" name="SetUp" finished-at="2023-04-23T06:04:52Z" duration-ms="4502" status="PASS">
          <params>
            <param index="0">
              <value>
                <![CDATA[public void testcases.LoginTest.test1() throws java.lang.InterruptedException]]>
              </value>
            </param>
          </params>
          <reporter-output>
          </reporter-output>
        </test-method> <!-- SetUp -->
        <test-method signature="test1()[pri:0, instance:testcases.LoginTest@3af0a9da]" started-at="2023-04-23T06:04:52Z" name="test1" finished-at="2023-04-23T06:05:17Z" duration-ms="25185" status="PASS">
          <reporter-output>
          </reporter-output>
        </test-method> <!-- test1 -->
        <test-method is-config="true" signature="TearDown()[pri:0, instance:testcases.LoginTest@3af0a9da]" started-at="2023-04-23T06:05:17Z" name="TearDown" finished-at="2023-04-23T06:05:18Z" duration-ms="267" status="PASS">
          <reporter-output>
          </reporter-output>
        </test-method> <!-- TearDown -->
        <test-method is-config="true" signature="ReportClean()[pri:0, instance:testcases.LoginTest@3af0a9da]" started-at="2023-04-23T06:05:18Z" name="ReportClean" finished-at="2023-04-23T06:05:18Z" duration-ms="238" status="PASS">
          <reporter-output>
          </reporter-output>
        </test-method> <!-- ReportClean -->
      </class> <!-- testcases.LoginTest -->
    </test> <!-- Default test -->
  </suite> <!-- Default suite -->
</testng-results>
